<?xml version="1.0" encoding="UTF-8"?>
<!-- Generated by org.testng.reporters.JUnitReportReporter -->
<testsuite name="ExcelManipulationUsingApachePOI.NewTest" tests="1" time="0.470" ignored="0" failures="0" timestamp="17 Aug 2023 14:39:05 GMT" skipped="0" hostname="LAPTOP-OQ1VQTOM" errors="0">
  <testcase name="readTestData" time="0.470" classname="ExcelManipulationUsingApachePOI.NewTest"/>
</testsuite> <!-- ExcelManipulationUsingApachePOI.NewTest -->
