<?xml version="1.0" encoding="UTF-8"?>
<!-- Generated by org.testng.reporters.JUnitReportReporter -->
<testsuite skipped="0" hostname="LAPTOP-OQ1VQTOM" name="SanityTestCases.sanTC2" tests="1" failures="0" timestamp="15 Aug 2023 13:09:47 GMT" time="0.000" errors="0">
  <testcase name="sanityTC2" time="0.000" classname="SanityTestCases.sanTC2"/>
</testsuite> <!-- SanityTestCases.sanTC2 -->
