<?xml version="1.0" encoding="UTF-8"?>
<!-- Generated by org.testng.reporters.JUnitReportReporter -->
<testsuite skipped="0" hostname="LAPTOP-OQ1VQTOM" name="propDemo.propertyDemo" tests="1" failures="0" timestamp="17 Aug 2023 05:59:48 GMT" time="0.016" errors="0">
  <testcase name="readCredentials" time="0.016" classname="propDemo.propertyDemo"/>
</testsuite> <!-- propDemo.propertyDemo -->
