<?xml version="1.0" encoding="UTF-8"?>
<!-- Generated by org.testng.reporters.JUnitReportReporter -->
<testsuite skipped="0" hostname="LAPTOP-OQ1VQTOM" name="SanityTestCases.sanTC1" tests="1" failures="0" timestamp="15 Aug 2023 13:09:47 GMT" time="0.015" errors="0">
  <testcase name="sanityTC1" time="0.015" classname="SanityTestCases.sanTC1"/>
</testsuite> <!-- SanityTestCases.sanTC1 -->
