<?xml version="1.0" encoding="UTF-8"?>
<!-- Generated by org.testng.reporters.JUnitReportReporter -->
<testsuite skipped="0" hostname="LAPTOP-OQ1VQTOM" name="SystemTestCases.sysTC1" tests="1" failures="0" timestamp="15 Aug 2023 13:09:47 GMT" time="0.000" errors="0">
  <testcase name="systemTC1" time="0.000" classname="SystemTestCases.sysTC1"/>
</testsuite> <!-- SystemTestCases.sysTC1 -->
