<?xml version="1.0" encoding="UTF-8"?>
<!-- Generated by org.testng.reporters.JUnitReportReporter -->
<testsuite skipped="0" hostname="LAPTOP-OQ1VQTOM" name="Grid.LogintestOnWindowsusingChrome" tests="2" failures="0" timestamp="19 Aug 2023 14:23:24 GMT" time="17.695" errors="0">
  <testcase name="setup" time="4.170" classname="Grid.LogintestOnWindowsusingChrome"/>
  <testcase name="login" time="13.525" classname="Grid.LogintestOnWindowsusingChrome"/>
</testsuite> <!-- Grid.LogintestOnWindowsusingChrome -->
