<?xml version="1.0" encoding="UTF-8"?>
<!-- Generated by org.testng.reporters.JUnitReportReporter -->
<testsuite skipped="0" hostname="LAPTOP-OQ1VQTOM" name="DataProviderDemo.dataProviderDemo" tests="3" failures="0" timestamp="15 Aug 2023 15:04:17 GMT" time="0.016" errors="0">
  <testcase name="getCredentials" time="0.000" classname="DataProviderDemo.dataProviderDemo"/>
  <testcase name="getCredentials" time="0.016" classname="DataProviderDemo.dataProviderDemo"/>
  <testcase name="getCredentials" time="0.000" classname="DataProviderDemo.dataProviderDemo"/>
</testsuite> <!-- DataProviderDemo.dataProviderDemo -->
