<?xml version="1.0" encoding="UTF-8"?>
<!-- Generated by org.testng.reporters.JUnitReportReporter -->
<testsuite name="dataDrivenFMUsingApachePOI.validationLogin" tests="1" time="0.000" ignored="0" failures="0" timestamp="18 Aug 2023 10:45:33 GMT" skipped="1" hostname="LAPTOP-OQ1VQTOM" errors="0">
  <testcase name="f" time="0.000" classname="dataDrivenFMUsingApachePOI.validationLogin">
    <skipped/>
  </testcase> <!-- f -->
</testsuite> <!-- dataDrivenFMUsingApachePOI.validationLogin -->
