<?xml version="1.0" encoding="UTF-8"?>
<!-- Generated by org.testng.reporters.JUnitReportReporter -->
<testsuite name="TestMaven.MavenDemo29.validateTitle" tests="1" time="4.935" ignored="0" failures="0" timestamp="17 Aug 2023 09:34:10 GMT" skipped="0" hostname="LAPTOP-OQ1VQTOM" errors="0">
  <testcase name="checkTitle" time="4.935" classname="TestMaven.MavenDemo29.validateTitle"/>
</testsuite> <!-- TestMaven.MavenDemo29.validateTitle -->
