<?xml version="1.0" encoding="UTF-8"?>
<!-- Generated by org.testng.reporters.JUnitReportReporter -->
<testsuite skipped="0" hostname="LAPTOP-OQ1VQTOM" name="TestNG.testExecution" tests="3" failures="0" timestamp="13 Aug 2023 10:37:34 GMT" time="0.013" errors="0">
  <testcase name="secondTestCase" time="0.001" classname="TestNG.testExecution"/>
  <testcase name="fourthTestCase" time="0.011" classname="TestNG.testExecution"/>
  <testcase name="thirdTestCase" time="0.001" classname="TestNG.testExecution"/>
</testsuite> <!-- TestNG.testExecution -->
