<?xml version="1.0" encoding="UTF-8"?>
<!-- Generated by org.testng.reporters.JUnitReportReporter -->
<testsuite skipped="0" hostname="LAPTOP-OQ1VQTOM" name="TestNG.homePageValidation" tests="2" failures="0" timestamp="13 Aug 2023 16:50:13 GMT" time="0.099" errors="0">
  <testcase name="validateTitle" time="0.010" classname="TestNG.homePageValidation"/>
  <testcase name="validatePresenceOfLinkDownload" time="0.089" classname="TestNG.homePageValidation"/>
</testsuite> <!-- TestNG.homePageValidation -->
