<?xml version="1.0" encoding="UTF-8"?>
<!-- Generated by org.testng.reporters.JUnitReportReporter -->
<testsuite skipped="0" hostname="LAPTOP-OQ1VQTOM" name="TestNG.validateTiltle" tests="1" failures="0" timestamp="13 Aug 2023 10:37:21 GMT" time="4.083" errors="0">
  <testcase name="checkTitle" time="4.083" classname="TestNG.validateTiltle"/>
</testsuite> <!-- TestNG.validateTiltle -->
